------------------Thread-5 ran cal @ perf-c856.datadomain.com-------------------
    October 2018    
Su Mo Tu We Th Fr Sa
    1  2  3  4  5  6
 7  8  9 10 11 12 13
14 15 16 17 18 19 20
21 22 23 24 25 26 27
28 29 30 31


----------------Thread-2 ran free -m @ perf-c856.datadomain.com-----------------
             total       used       free     shared    buffers     cached
Mem:         64210      63238        972          0        376      60688
-/+ buffers/cache:       2173      62037
Swap:        32255         27      32228

-------------------Thread-4 ran ls @ perf-c856.datadomain.com-------------------
1
bug_200596
cmd
common
ctl
GC_mixed_plotter
log
logs
modcheck
monitor
mt-rhel5.2
my-sar
notify_done
notify_fa
notify_slackers
out
out2
pip
python
release_20161207_124838_551397.tar.gz
release_20170912_123737_573835.tar.gz
release_20170919_122431_574426.tar.gz
release_20180715_021450_597235.tar.gz
reporting
report_locks
report_running
requests
resource_location
resource_status_page
root@eos-fs-t3-4
run_monweb
running_request_count
run_request
scheduler
scrubber
scrub_requests
setup
setup.cfg
t
test.pl
update_config
update_resource_configs
update_resource_status
util
validator
www

-----------------Thread-1 ran lscpu @ perf-c856.datadomain.com------------------
Architecture:          x86_64
CPU op-mode(s):        32-bit, 64-bit
Byte Order:            Little Endian
CPU(s):                24
On-line CPU(s) list:   0-23
Thread(s) per core:    2
Core(s) per socket:    6
Socket(s):             2
NUMA node(s):          2
Vendor ID:             GenuineIntel
CPU family:            6
Model:                 45
Stepping:              7
CPU MHz:               1999.801
BogoMIPS:              3999.49
Virtualization:        VT-x
L1d cache:             32K
L1i cache:             32K
L2 cache:              256K
L3 cache:              15360K
NUMA node0 CPU(s):     0-5,12-17
NUMA node1 CPU(s):     6-11,18-23

-----------------Thread-3 ran df -h @ perf-c856.datadomain.com------------------
Filesystem            Size  Used Avail Use% Mounted on
/dev/mapper/VolGroup-lv_root
                       50G   34G   13G  73% /
tmpfs                  32G  4.0K   32G   1% /dev/shm
/dev/sda1             485M   67M  393M  15% /boot
/dev/mapper/VolGroup-lv_home
                       18G  4.1G   13G  25% /home
perfresults-dur:/data/col1/mtree_1
                       43T   35T  8.2T  81% /mnt/perfresults
ls-dur-nas03sz.brs.lab.emc.com:/ifs/home
                      259T  186T   72T  73% /auto/home
ls-dur-nas03sz.brs.lab.emc.com:/ifs/re
                      259T  186T   72T  73% /auto/re
ls-dur-nas03sz.brs.lab.emc.com:/ifs/tools
                      259T  186T   72T  73% /auto/tools
ls-dur-nas01.datadomain.com:/backup/cores
                      237T   13T  224T   6% /auto/cores

-------------------Thread-4 ran ls @ perf-c856.datadomain.com-------------------
1
bug_200596
cmd
common
ctl
GC_mixed_plotter
log
logs
modcheck
monitor
mt-rhel5.2
my-sar
notify_done
notify_fa
notify_slackers
out
out2
pip
python
release_20161207_124838_551397.tar.gz
release_20170912_123737_573835.tar.gz
release_20170919_122431_574426.tar.gz
release_20180715_021450_597235.tar.gz
reporting
report_locks
report_running
requests
resource_location
resource_status_page
root@eos-fs-t3-4
run_monweb
running_request_count
run_request
scheduler
scrubber
scrub_requests
setup
setup.cfg
t
test.pl
update_config
update_resource_configs
update_resource_status
util
validator
www

----------------Thread-5 ran fkjhvfd @ perf-c856.datadomain.com-----------------

----------------Thread-2 ran free -m @ perf-c856.datadomain.com-----------------
             total       used       free     shared    buffers     cached
Mem:         64210      63420        790          0        376      60700
-/+ buffers/cache:       2344      61866
Swap:        32255         27      32228

-----------------Thread-1 ran lscpu @ perf-c856.datadomain.com------------------
Architecture:          x86_64
CPU op-mode(s):        32-bit, 64-bit
Byte Order:            Little Endian
CPU(s):                24
On-line CPU(s) list:   0-23
Thread(s) per core:    2
Core(s) per socket:    6
Socket(s):             2
NUMA node(s):          2
Vendor ID:             GenuineIntel
CPU family:            6
Model:                 45
Stepping:              7
CPU MHz:               1999.801
BogoMIPS:              3999.49
Virtualization:        VT-x
L1d cache:             32K
L1i cache:             32K
L2 cache:              256K
L3 cache:              15360K
NUMA node0 CPU(s):     0-5,12-17
NUMA node1 CPU(s):     6-11,18-23

-----------------Thread-3 ran df -h @ perf-c856.datadomain.com------------------
Filesystem            Size  Used Avail Use% Mounted on
/dev/mapper/VolGroup-lv_root
                       50G   34G   13G  73% /
tmpfs                  32G  4.0K   32G   1% /dev/shm
/dev/sda1             485M   67M  393M  15% /boot
/dev/mapper/VolGroup-lv_home
                       18G  4.1G   13G  25% /home
perfresults-dur:/data/col1/mtree_1
                       43T   35T  8.2T  81% /mnt/perfresults
ls-dur-nas03sz.brs.lab.emc.com:/ifs/home
                      259T  186T   72T  73% /auto/home
ls-dur-nas03sz.brs.lab.emc.com:/ifs/re
                      259T  186T   72T  73% /auto/re
ls-dur-nas03sz.brs.lab.emc.com:/ifs/tools
                      259T  186T   72T  73% /auto/tools

------------------Thread-5 ran cal @ perf-c856.datadomain.com-------------------
    October 2018    
Su Mo Tu We Th Fr Sa
    1  2  3  4  5  6
 7  8  9 10 11 12 13
14 15 16 17 18 19 20
21 22 23 24 25 26 27
28 29 30 31


-------------------Thread-4 ran ls @ perf-c856.datadomain.com-------------------
1
bug_200596
cmd
common
ctl
GC_mixed_plotter
log
logs
modcheck
monitor
mt-rhel5.2
my-sar
notify_done
notify_fa
notify_slackers
out
out2
pip
python
release_20161207_124838_551397.tar.gz
release_20170912_123737_573835.tar.gz
release_20170919_122431_574426.tar.gz
release_20180715_021450_597235.tar.gz
reporting
report_locks
report_running
requests
resource_location
resource_status_page
root@eos-fs-t3-4
run_monweb
running_request_count
run_request
scheduler
scrubber
scrub_requests
setup
setup.cfg
t
test.pl
update_config
update_resource_configs
update_resource_status
util
validator
www

----------------Thread-2 ran free -m @ perf-c856.datadomain.com-----------------
             total       used       free     shared    buffers     cached
Mem:         64210      63256        954          0        376      60708
-/+ buffers/cache:       2171      62039
Swap:        32255         27      32228

-----------------Thread-1 ran lscpu @ perf-c856.datadomain.com------------------
Architecture:          x86_64
CPU op-mode(s):        32-bit, 64-bit
Byte Order:            Little Endian
CPU(s):                24
On-line CPU(s) list:   0-23
Thread(s) per core:    2
Core(s) per socket:    6
Socket(s):             2
NUMA node(s):          2
Vendor ID:             GenuineIntel
CPU family:            6
Model:                 45
Stepping:              7
CPU MHz:               1999.801
BogoMIPS:              3999.49
Virtualization:        VT-x
L1d cache:             32K
L1i cache:             32K
L2 cache:              256K
L3 cache:              15360K
NUMA node0 CPU(s):     0-5,12-17
NUMA node1 CPU(s):     6-11,18-23

-----------------Thread-3 ran df -h @ perf-c856.datadomain.com------------------
Filesystem            Size  Used Avail Use% Mounted on
/dev/mapper/VolGroup-lv_root
                       50G   34G   13G  73% /
tmpfs                  32G  4.0K   32G   1% /dev/shm
/dev/sda1             485M   67M  393M  15% /boot
/dev/mapper/VolGroup-lv_home
                       18G  4.1G   13G  25% /home
perfresults-dur:/data/col1/mtree_1
                       43T   35T  8.2T  81% /mnt/perfresults
ls-dur-nas03sz.brs.lab.emc.com:/ifs/home
                      259T  186T   72T  73% /auto/home
ls-dur-nas03sz.brs.lab.emc.com:/ifs/re
                      259T  186T   72T  73% /auto/re

----------------Thread-2 ran free -m @ perf-c856.datadomain.com-----------------
             total       used       free     shared    buffers     cached
Mem:         64210      63356        854          0        376      60716
-/+ buffers/cache:       2263      61946
Swap:        32255         27      32228

------------------Thread-5 ran cal @ perf-c856.datadomain.com-------------------
    October 2018    
Su Mo Tu We Th Fr Sa
    1  2  3  4  5  6
 7  8  9 10 11 12 13
14 15 16 17 18 19 20
21 22 23 24 25 26 27
28 29 30 31


-------------------Thread-4 ran ls @ perf-c856.datadomain.com-------------------
1
bug_200596
cmd
common
ctl
GC_mixed_plotter
log
logs
modcheck
monitor
mt-rhel5.2
my-sar
notify_done
notify_fa
notify_slackers
out
out2
pip
python
release_20161207_124838_551397.tar.gz
release_20170912_123737_573835.tar.gz
release_20170919_122431_574426.tar.gz
release_20180715_021450_597235.tar.gz
reporting
report_locks
report_running
requests
resource_location
resource_status_page
root@eos-fs-t3-4
run_monweb
running_request_count
run_request
scheduler
scrubber
scrub_requests
setup
setup.cfg
t
test.pl
update_config
update_resource_configs
update_resource_status
util
validator
www

-----------------Thread-1 ran lscpu @ perf-c856.datadomain.com------------------
Architecture:          x86_64
CPU op-mode(s):        32-bit, 64-bit
Byte Order:            Little Endian
CPU(s):                24
On-line CPU(s) list:   0-23
Thread(s) per core:    2
Core(s) per socket:    6
Socket(s):             2
NUMA node(s):          2
Vendor ID:             GenuineIntel
CPU family:            6
Model:                 45
Stepping:              7
CPU MHz:               1999.801
BogoMIPS:              3999.49
Virtualization:        VT-x
L1d cache:             32K
L1i cache:             32K
L2 cache:              256K
L3 cache:              15360K
NUMA node0 CPU(s):     0-5,12-17
NUMA node1 CPU(s):     6-11,18-23

-----------------Thread-3 ran df -h @ perf-c856.datadomain.com------------------
Filesystem            Size  Used Avail Use% Mounted on
/dev/mapper/VolGroup-lv_root
                       50G   34G   13G  73% /
tmpfs                  32G  4.0K   32G   1% /dev/shm
/dev/sda1             485M   67M  393M  15% /boot
/dev/mapper/VolGroup-lv_home
                       18G  4.1G   13G  25% /home
perfresults-dur:/data/col1/mtree_1
                       43T   35T  8.2T  81% /mnt/perfresults
ls-dur-nas03sz.brs.lab.emc.com:/ifs/home
                      259T  186T   72T  73% /auto/home
ls-dur-nas03sz.brs.lab.emc.com:/ifs/re
                      259T  186T   72T  73% /auto/re
ls-dur-nas03sz.brs.lab.emc.com:/ifs/tools
                      259T  186T   72T  73% /auto/tools

-------------------Thread-4 ran ls @ perf-c856.datadomain.com-------------------
1
bug_200596
cmd
common
ctl
GC_mixed_plotter
log
logs
modcheck
monitor
mt-rhel5.2
my-sar
notify_done
notify_fa
notify_slackers
out
out2
pip
python
release_20161207_124838_551397.tar.gz
release_20170912_123737_573835.tar.gz
release_20170919_122431_574426.tar.gz
release_20180715_021450_597235.tar.gz
reporting
report_locks
report_running
requests
resource_location
resource_status_page
root@eos-fs-t3-4
run_monweb
running_request_count
run_request
scheduler
scrubber
scrub_requests
setup
setup.cfg
t
test.pl
update_config
update_resource_configs
update_resource_status
util
validator
www

----------------Thread-2 ran free -m @ perf-c856.datadomain.com-----------------
             total       used       free     shared    buffers     cached
Mem:         64210      63329        881          0        376      60716
-/+ buffers/cache:       2236      61973
Swap:        32255         27      32228

------------------Thread-5 ran cal @ perf-c856.datadomain.com-------------------
    October 2018    
Su Mo Tu We Th Fr Sa
    1  2  3  4  5  6
 7  8  9 10 11 12 13
14 15 16 17 18 19 20
21 22 23 24 25 26 27
28 29 30 31


-----------------Thread-1 ran lscpu @ perf-c856.datadomain.com------------------
Architecture:          x86_64
CPU op-mode(s):        32-bit, 64-bit
Byte Order:            Little Endian
CPU(s):                24
On-line CPU(s) list:   0-23
Thread(s) per core:    2
Core(s) per socket:    6
Socket(s):             2
NUMA node(s):          2
Vendor ID:             GenuineIntel
CPU family:            6
Model:                 45
Stepping:              7
CPU MHz:               1999.801
BogoMIPS:              3999.49
Virtualization:        VT-x
L1d cache:             32K
L1i cache:             32K
L2 cache:              256K
L3 cache:              15360K
NUMA node0 CPU(s):     0-5,12-17
NUMA node1 CPU(s):     6-11,18-23

-----------------Thread-3 ran df -h @ perf-c856.datadomain.com------------------
Filesystem            Size  Used Avail Use% Mounted on
/dev/mapper/VolGroup-lv_root
                       50G   34G   13G  73% /
tmpfs                  32G  4.0K   32G   1% /dev/shm
/dev/sda1             485M   67M  393M  15% /boot
/dev/mapper/VolGroup-lv_home
                       18G  4.1G   13G  25% /home
perfresults-dur:/data/col1/mtree_1
                       43T   35T  8.2T  81% /mnt/perfresults
ls-dur-nas03sz.brs.lab.emc.com:/ifs/home
                      259T  186T   72T  73% /auto/home
ls-dur-nas03sz.brs.lab.emc.com:/ifs/re
                      259T  186T   72T  73% /auto/re
ls-dur-nas03sz.brs.lab.emc.com:/ifs/tools
                      259T  186T   72T  73% /auto/tools

-------------------Thread-4 ran ls @ perf-c856.datadomain.com-------------------
1
bug_200596
cmd
common
ctl
GC_mixed_plotter
log
logs
modcheck
monitor
mt-rhel5.2
my-sar
notify_done
notify_fa
notify_slackers
out
out2
pip
python
release_20161207_124838_551397.tar.gz
release_20170912_123737_573835.tar.gz
release_20170919_122431_574426.tar.gz
release_20180715_021450_597235.tar.gz
reporting
report_locks
report_running
requests
resource_location
resource_status_page
root@eos-fs-t3-4
run_monweb
running_request_count
run_request
scheduler
scrubber
scrub_requests
setup
setup.cfg
t
test.pl
update_config
update_resource_configs
update_resource_status
util
validator
www

----------------Thread-2 ran free -m @ perf-c856.datadomain.com-----------------
             total       used       free     shared    buffers     cached
Mem:         64210      63268        942          0        376      60726
-/+ buffers/cache:       2166      62044
Swap:        32255         27      32228

------------------Thread-5 ran cal @ perf-c856.datadomain.com-------------------
    October 2018    
Su Mo Tu We Th Fr Sa
    1  2  3  4  5  6
 7  8  9 10 11 12 13
14 15 16 17 18 19 20
21 22 23 24 25 26 27
28 29 30 31


-----------------Thread-1 ran lscpu @ perf-c856.datadomain.com------------------
Architecture:          x86_64
CPU op-mode(s):        32-bit, 64-bit
Byte Order:            Little Endian
CPU(s):                24
On-line CPU(s) list:   0-23
Thread(s) per core:    2
Core(s) per socket:    6
Socket(s):             2
NUMA node(s):          2
Vendor ID:             GenuineIntel
CPU family:            6
Model:                 45
Stepping:              7
CPU MHz:               1999.801
BogoMIPS:              3999.49
Virtualization:        VT-x
L1d cache:             32K
L1i cache:             32K
L2 cache:              256K
L3 cache:              15360K
NUMA node0 CPU(s):     0-5,12-17
NUMA node1 CPU(s):     6-11,18-23

-----------------Thread-3 ran df -h @ perf-c856.datadomain.com------------------
Filesystem            Size  Used Avail Use% Mounted on
/dev/mapper/VolGroup-lv_root
                       50G   34G   13G  73% /
tmpfs                  32G  4.0K   32G   1% /dev/shm
/dev/sda1             485M   67M  393M  15% /boot
/dev/mapper/VolGroup-lv_home
                       18G  4.1G   13G  25% /home
perfresults-dur:/data/col1/mtree_1
                       43T   35T  8.2T  81% /mnt/perfresults
ls-dur-nas03sz.brs.lab.emc.com:/ifs/home
                      259T  186T   72T  73% /auto/home

------------------Thread-5 ran cal @ perf-c856.datadomain.com-------------------
    October 2018    
Su Mo Tu We Th Fr Sa
    1  2  3  4  5  6
 7  8  9 10 11 12 13
14 15 16 17 18 19 20
21 22 23 24 25 26 27
28 29 30 31


-------------------Thread-4 ran ls @ perf-c856.datadomain.com-------------------
1
bug_200596
cmd
common
ctl
GC_mixed_plotter
log
logs
modcheck
monitor
mt-rhel5.2
my-sar
notify_done
notify_fa
notify_slackers
out
out2
pip
python
release_20161207_124838_551397.tar.gz
release_20170912_123737_573835.tar.gz
release_20170919_122431_574426.tar.gz
release_20180715_021450_597235.tar.gz
reporting
report_locks
report_running
requests
resource_location
resource_status_page
root@eos-fs-t3-4
run_monweb
running_request_count
run_request
scheduler
scrubber
scrub_requests
setup
setup.cfg
t
test.pl
update_config
update_resource_configs
update_resource_status
util
validator
www

----------------Thread-2 ran free -m @ perf-c856.datadomain.com-----------------
             total       used       free     shared    buffers     cached
Mem:         64210      63276        933          0        376      60727
-/+ buffers/cache:       2173      62037
Swap:        32255         27      32228

-----------------Thread-1 ran lscpu @ perf-c856.datadomain.com------------------
Architecture:          x86_64
CPU op-mode(s):        32-bit, 64-bit
Byte Order:            Little Endian
CPU(s):                24
On-line CPU(s) list:   0-23
Thread(s) per core:    2
Core(s) per socket:    6
Socket(s):             2
NUMA node(s):          2
Vendor ID:             GenuineIntel
CPU family:            6
Model:                 45
Stepping:              7
CPU MHz:               1999.801
BogoMIPS:              3999.49
Virtualization:        VT-x
L1d cache:             32K
L1i cache:             32K
L2 cache:              256K
L3 cache:              15360K
NUMA node0 CPU(s):     0-5,12-17
NUMA node1 CPU(s):     6-11,18-23

-----------------Thread-3 ran df -h @ perf-c856.datadomain.com------------------
Filesystem            Size  Used Avail Use% Mounted on
/dev/mapper/VolGroup-lv_root
                       50G   34G   13G  73% /
tmpfs                  32G  4.0K   32G   1% /dev/shm
/dev/sda1             485M   67M  393M  15% /boot
/dev/mapper/VolGroup-lv_home
                       18G  4.1G   13G  25% /home
perfresults-dur:/data/col1/mtree_1
                       43T   35T  8.2T  81% /mnt/perfresults
ls-dur-nas03sz.brs.lab.emc.com:/ifs/home
                      259T  186T   72T  73% /auto/home

-------------------Thread-4 ran ls @ perf-c856.datadomain.com-------------------
1
bug_200596
cmd
common
ctl
GC_mixed_plotter
log
logs
modcheck
monitor
mt-rhel5.2
my-sar
notify_done
notify_fa
notify_slackers
out
out2
pip
python
release_20161207_124838_551397.tar.gz
release_20170912_123737_573835.tar.gz
release_20170919_122431_574426.tar.gz
release_20180715_021450_597235.tar.gz
reporting
report_locks
report_running
requests
resource_location
resource_status_page
root@eos-fs-t3-4
run_monweb
running_request_count
run_request
scheduler
scrubber
scrub_requests
setup
setup.cfg
t
test.pl
update_config
update_resource_configs
update_resource_status
util
validator
www

------------------Thread-5 ran cal @ perf-c856.datadomain.com-------------------
    October 2018    
Su Mo Tu We Th Fr Sa
    1  2  3  4  5  6
 7  8  9 10 11 12 13
14 15 16 17 18 19 20
21 22 23 24 25 26 27
28 29 30 31


----------------Thread-2 ran free -m @ perf-c856.datadomain.com-----------------
             total       used       free     shared    buffers     cached
Mem:         64210      63457        753          0        376      60728
-/+ buffers/cache:       2353      61857
Swap:        32255         27      32228

-----------------Thread-1 ran lscpu @ perf-c856.datadomain.com------------------
Architecture:          x86_64
CPU op-mode(s):        32-bit, 64-bit
Byte Order:            Little Endian
CPU(s):                24
On-line CPU(s) list:   0-23
Thread(s) per core:    2
Core(s) per socket:    6
Socket(s):             2
NUMA node(s):          2
Vendor ID:             GenuineIntel
CPU family:            6
Model:                 45
Stepping:              7
CPU MHz:               1999.801
BogoMIPS:              3999.49
Virtualization:        VT-x
L1d cache:             32K
L1i cache:             32K
L2 cache:              256K
L3 cache:              15360K
NUMA node0 CPU(s):     0-5,12-17
NUMA node1 CPU(s):     6-11,18-23

-----------------Thread-3 ran df -h @ perf-c856.datadomain.com------------------
Filesystem            Size  Used Avail Use% Mounted on
/dev/mapper/VolGroup-lv_root
                       50G   34G   13G  73% /
tmpfs                  32G  4.0K   32G   1% /dev/shm
/dev/sda1             485M   67M  393M  15% /boot
/dev/mapper/VolGroup-lv_home
                       18G  4.1G   13G  25% /home
perfresults-dur:/data/col1/mtree_1
                       43T   35T  8.2T  81% /mnt/perfresults
ls-dur-nas03sz.brs.lab.emc.com:/ifs/home
                      259T  186T   72T  73% /auto/home

----------------Thread-2 ran free -m @ perf-c856.datadomain.com-----------------
             total       used       free     shared    buffers     cached
Mem:         64210      63343        867          0        376      60728
-/+ buffers/cache:       2238      61972
Swap:        32255         27      32228

-------------------Thread-4 ran ls @ perf-c856.datadomain.com-------------------
1
bug_200596
cmd
common
ctl
GC_mixed_plotter
log
logs
modcheck
monitor
mt-rhel5.2
my-sar
notify_done
notify_fa
notify_slackers
out
out2
pip
python
release_20161207_124838_551397.tar.gz
release_20170912_123737_573835.tar.gz
release_20170919_122431_574426.tar.gz
release_20180715_021450_597235.tar.gz
reporting
report_locks
report_running
requests
resource_location
resource_status_page
root@eos-fs-t3-4
run_monweb
running_request_count
run_request
scheduler
scrubber
scrub_requests
setup
setup.cfg
t
test.pl
update_config
update_resource_configs
update_resource_status
util
validator
www

------------------Thread-5 ran cal @ perf-c856.datadomain.com-------------------
    October 2018    
Su Mo Tu We Th Fr Sa
    1  2  3  4  5  6
 7  8  9 10 11 12 13
14 15 16 17 18 19 20
21 22 23 24 25 26 27
28 29 30 31


-----------------Thread-1 ran lscpu @ perf-c856.datadomain.com------------------
Architecture:          x86_64
CPU op-mode(s):        32-bit, 64-bit
Byte Order:            Little Endian
CPU(s):                24
On-line CPU(s) list:   0-23
Thread(s) per core:    2
Core(s) per socket:    6
Socket(s):             2
NUMA node(s):          2
Vendor ID:             GenuineIntel
CPU family:            6
Model:                 45
Stepping:              7
CPU MHz:               1999.801
BogoMIPS:              3999.49
Virtualization:        VT-x
L1d cache:             32K
L1i cache:             32K
L2 cache:              256K
L3 cache:              15360K
NUMA node0 CPU(s):     0-5,12-17
NUMA node1 CPU(s):     6-11,18-23

-----------------Thread-3 ran df -h @ perf-c856.datadomain.com------------------
Filesystem            Size  Used Avail Use% Mounted on
/dev/mapper/VolGroup-lv_root
                       50G   34G   13G  73% /
tmpfs                  32G  4.0K   32G   1% /dev/shm
/dev/sda1             485M   67M  393M  15% /boot
/dev/mapper/VolGroup-lv_home
                       18G  4.1G   13G  25% /home
perfresults-dur:/data/col1/mtree_1
                       43T   35T  8.2T  81% /mnt/perfresults
ls-dur-nas03sz.brs.lab.emc.com:/ifs/home
                      259T  186T   72T  73% /auto/home

-------------------Thread-4 ran ls @ perf-c856.datadomain.com-------------------
1
bug_200596
cmd
common
ctl
GC_mixed_plotter
log
logs
modcheck
monitor
mt-rhel5.2
my-sar
notify_done
notify_fa
notify_slackers
out
out2
pip
python
release_20161207_124838_551397.tar.gz
release_20170912_123737_573835.tar.gz
release_20170919_122431_574426.tar.gz
release_20180715_021450_597235.tar.gz
reporting
report_locks
report_running
requests
resource_location
resource_status_page
root@eos-fs-t3-4
run_monweb
running_request_count
run_request
scheduler
scrubber
scrub_requests
setup
setup.cfg
t
test.pl
update_config
update_resource_configs
update_resource_status
util
validator
www

----------------Thread-2 ran free -m @ perf-c856.datadomain.com-----------------
             total       used       free     shared    buffers     cached
Mem:         64210      63282        927          0        376      60728
-/+ buffers/cache:       2177      62032
Swap:        32255         27      32228

------------------Thread-5 ran cal @ perf-c856.datadomain.com-------------------
    October 2018    
Su Mo Tu We Th Fr Sa
    1  2  3  4  5  6
 7  8  9 10 11 12 13
14 15 16 17 18 19 20
21 22 23 24 25 26 27
28 29 30 31


-----------------Thread-1 ran lscpu @ perf-c856.datadomain.com------------------
Architecture:          x86_64
CPU op-mode(s):        32-bit, 64-bit
Byte Order:            Little Endian
CPU(s):                24
On-line CPU(s) list:   0-23
Thread(s) per core:    2
Core(s) per socket:    6
Socket(s):             2
NUMA node(s):          2
Vendor ID:             GenuineIntel
CPU family:            6
Model:                 45
Stepping:              7
CPU MHz:               1999.801
BogoMIPS:              3999.49
Virtualization:        VT-x
L1d cache:             32K
L1i cache:             32K
L2 cache:              256K
L3 cache:              15360K
NUMA node0 CPU(s):     0-5,12-17
NUMA node1 CPU(s):     6-11,18-23

-----------------Thread-3 ran df -h @ perf-c856.datadomain.com------------------
Filesystem            Size  Used Avail Use% Mounted on
/dev/mapper/VolGroup-lv_root
                       50G   34G   13G  73% /
tmpfs                  32G  4.0K   32G   1% /dev/shm
/dev/sda1             485M   67M  393M  15% /boot
/dev/mapper/VolGroup-lv_home
                       18G  4.1G   13G  25% /home
perfresults-dur:/data/col1/mtree_1
                       43T   35T  8.2T  81% /mnt/perfresults
ls-dur-nas03sz.brs.lab.emc.com:/ifs/home
                      259T  186T   72T  73% /auto/home

